[2018-05-03 16:25:44] - element is not exsit:content1
[2018-05-03 16:25:54] - element is not exsit:topFrame
[2018-05-03 16:26:05] - element is not exsit:logout
[2018-05-03 16:26:17] - element is not exsit:content1
[2018-05-03 16:26:28] - element is not exsit:topFrame
[2018-05-03 16:26:38] - element is not exsit:logout
[2018-05-03 16:38:02] - element is not exsit:/html/body/div[1]/div[7]/div[2]/div/table/tbody/tr[4]/td/div/table/tbody/tr/td[3]/a/img
[2018-05-03 16:45:00] - element is not exsit:content1
[2018-05-03 16:45:10] - element is not exsit:topFrame
[2018-05-03 16:45:21] - element is not exsit:logout
[2018-05-03 16:45:34] - element is not exsit:content1
[2018-05-03 16:45:44] - element is not exsit:topFrame
[2018-05-03 16:45:55] - element is not exsit:logout
[2018-05-03 16:46:07] - element is not exsit:content1
[2018-05-03 16:46:18] - element is not exsit:topFrame
[2018-05-03 16:46:28] - element is not exsit:logout
[2018-05-03 16:46:41] - element is not exsit:content1
[2018-05-03 16:46:51] - element is not exsit:topFrame
[2018-05-03 16:47:02] - element is not exsit:logout
[2018-05-03 16:52:07] - element is not exsit://*[@id='content_table']/tbody/tr[6]/td/div/table/tbody/tr/td[2]/a[1]/img
