[2018-05-03 15:44:26] - addsysrole----start
[2018-05-03 15:44:30] - 添加系统管理员角色---------测试通过
[2018-05-03 15:44:35] - 添加超级审计员角色---------测试通过
[2018-05-03 15:44:36] - addsysrole----end

[2018-05-03 15:44:36] - addroledpt----start
[2018-05-03 15:44:40] - 添加部门管理员角色---------测试通过
[2018-05-03 15:44:42] - addroledpt----end

[2018-05-03 15:44:42] - editrole----start
[2018-05-03 15:44:46] - 编辑系统管理员角色---------测试通过
[2018-05-03 15:44:47] - editrole----end

[2018-05-03 15:44:47] - rolequery----start
[2018-05-03 15:44:48] - 检索的角色简称框里填写填写特殊字符@#￥---------测试通过
[2018-05-03 15:44:49] - 检索的角色名称框里填写特殊字符@#￥---------测试通过
[2018-05-03 15:44:49] - 检索的角色名称和角色简称框里没有填写任何东西---------测试通过
[2018-05-03 15:44:50] - 检索的角色名称框里填写部门管理员---------测试通过
[2018-05-03 15:44:51] - 检索的角色简称框里填写超管---------测试通过
[2018-05-03 15:44:51] - rolequery----end

[2018-05-03 15:44:52] - addmutexrole----start
[2018-05-03 15:44:55] - 添加超级管理员和部门管理员角色互斥---------测试通过
[2018-05-03 15:44:59] - 添加部门管理员和超级审计员角色互斥---------测试通过
[2018-05-03 15:44:59] - addmutexrole----end

[2018-05-03 15:44:59] - check_addmutex_user_addrole----start
[2018-05-03 15:45:06] - 校验添加的超级管理员和部门管理员互斥角色---------测试通过
[2018-05-03 15:45:14] - 校验添加的超级审计员和部门管理员互斥角色---------测试通过
[2018-05-03 15:45:16] - check_addmutex_user_addrole----end

[2018-05-03 15:45:16] - check_addmutex_user_editrole----start
[2018-05-03 15:45:22] - 校验添加的超级管理员和部门管理员互斥角色---------测试通过
[2018-05-03 15:45:30] - 校验添加的超级审计员和部门管理员互斥角色---------测试通过
[2018-05-03 15:45:33] - check_addmutex_user_editrole----end

[2018-05-03 15:45:33] - editmutexrole----start
[2018-05-03 15:45:36] - 编辑超级管理员和部门管理员角色互斥---------测试通过
[2018-05-03 15:45:36] - editmutexrole----end

[2018-05-03 15:45:36] - check_editmutex_user_addrole----start
[2018-05-03 15:45:44] - 校验编辑的超级管理员和部门管理员互斥角色---------测试通过
[2018-05-03 15:45:46] - check_editmutex_user_addrole----end

[2018-05-03 15:45:46] - check_editmutex_user_editrole----start
[2018-05-03 15:45:54] - 校验编辑的超级管理员和部门管理员互斥角色---------测试通过
[2018-05-03 15:45:57] - check_editmutex_user_editrole----end

[2018-05-03 15:45:57] - delmutexrole----start
[2018-05-03 15:45:58] - 删除超级管理员和超级审计员角色互斥---------测试通过
[2018-05-03 15:45:59] - 删除部门管理员和超级审计员角色互斥---------测试通过
[2018-05-03 15:45:59] - delmutexrole----end

[2018-05-03 15:45:59] - checkmutexrole----start
[2018-05-03 15:46:00] - 不选择角色和互斥角色---------测试通过
[2018-05-03 15:46:01] - 互斥角色列不选择---------测试通过
[2018-05-03 15:46:02] - 没有保存就点击添加互斥角色---------测试通过
[2018-05-03 15:46:03] - checkmutexrole----end

[2018-05-03 15:46:03] - editmanagerole----start
[2018-05-03 15:46:07] - 添加可管理角色---------测试通过
[2018-05-03 15:46:10] - editmanagerole----end

[2018-05-03 15:46:10] - checkother----start
[2018-05-03 15:46:15] - 该权限已添加!---------测试通过
[2018-05-03 15:46:22] - 不能同时选择密码包接收人和解密秘钥接收人---------测试通过
[2018-05-03 15:46:24] - checkother----end

[2018-05-03 15:46:24] - editotherrole----start
[2018-05-03 15:46:28] - 添加其他权限---------测试通过
[2018-05-03 15:46:30] - editotherrole----end

[2018-05-03 15:46:30] - checkrolename----start
[2018-05-03 15:46:32] - 角色名称不能为空---------测试通过
[2018-05-03 15:46:34] - 角色名称不能输入非法字符---------测试通过
[2018-05-03 15:46:35] - 没有选择菜单项---------测试通过
[2018-05-03 15:46:37] - checkrolename----end

[2018-05-03 15:46:37] - checkshortname----start
[2018-05-03 15:46:40] - 角色名称及名称简写已存在---------测试通过
[2018-05-03 15:46:45] - 名称简写不能为空---------测试通过
[2018-05-03 15:46:50] - 角色名称已存在---------测试通过
[2018-05-03 15:46:54] - 名称简写不能输入非法字符---------测试通过
[2018-05-03 15:46:59] - 角色名称简写已存在---------测试通过
[2018-05-03 15:47:04] - 名称简称不能大于四个字---------测试通过
[2018-05-03 15:47:05] - checkshortname----end

[2018-05-03 15:47:05] - checkbulkdel----start
[2018-05-03 15:47:06] - 没有全选角色进行删除---------测试通过
[2018-05-03 15:47:06] - checkbulkdel----end

[2018-05-03 15:47:06] - delrole----start
[2018-05-03 15:47:09] - 删除超级管理员角色---------测试通过
[2018-05-03 15:47:12] - 删除超级审计员角色---------测试通过
[2018-05-03 15:47:16] - 删除部门管理员角色---------测试通过
[2018-05-03 15:47:18] - delrole----end

[2018-05-03 15:47:55] - add_resource----start
[2018-05-03 15:48:21] - 添加RedHat211资源---------测试通过
[2018-05-03 15:48:43] - 添加Debian资源---------测试通过
[2018-05-03 15:49:04] - 添加Centos资源---------测试通过
[2018-05-03 15:49:06] - add_resource----end

[2018-05-03 15:49:06] - edit_resource----start
[2018-05-03 15:49:24] - 编辑RedHat211资源---------测试通过
[2018-05-03 15:49:26] - edit_resource----end

[2018-05-03 15:49:26] - check_linux_resource----start
[2018-05-03 15:49:47] - 资源名称为空---------测试通过
[2018-05-03 15:49:57] - 【地址】为空---------测试通过
[2018-05-03 15:50:07] - 资源名称含有非法字符---------测试通过
[2018-05-03 15:50:17] - 资源名称超过64位---------测试通过
[2018-05-03 15:50:28] - IP格式不合法---------测试通过
[2018-05-03 15:50:38] - 不勾选运维协议---------测试通过
[2018-05-03 15:50:49] - 协议端口不合法---------测试通过
[2018-05-03 15:50:59] - 协议端口号为空---------测试通过
[2018-05-03 15:51:09] - 资源名称重复---------测试通过
[2018-05-03 15:51:19] - 资源IP重复---------测试通过
[2018-05-03 15:51:29] - 资源名称和IP重复---------测试通过
[2018-05-03 15:51:40] - 不填写提权口令---------测试通过
[2018-05-03 15:51:51] - 提权口令和确认口令填写不相同---------测试通过
[2018-05-03 15:51:53] - check_linux_resource----end

[2018-05-03 15:51:53] - add_edit_resource_account----start
[2018-05-03 15:52:04] - 单点登录代填名称和口令root账号---------测试通过
[2018-05-03 15:52:12] - 单点登录不代填名称---------测试通过
[2018-05-03 15:52:20] - 单点登录不代填口令cyy账号---------测试通过
[2018-05-03 15:52:29] - 单点登录代填名称和口令ls账号---------测试通过
[2018-05-03 15:52:39] - 编辑ls账号---------测试通过
[2018-05-03 15:52:42] - add_edit_resource_account----end

[2018-05-03 15:52:42] - query_resource_account----start
[2018-05-03 15:52:45] - 查询资源账号名称为root---------测试通过
[2018-05-03 15:52:46] - 查询已授权的资源账号---------测试通过
[2018-05-03 15:52:47] - 查询未授权的资源账号---------测试通过
[2018-05-03 15:52:48] - 查询名称为cyy并且未授权的资源账号---------测试通过
[2018-05-03 15:52:49] - query_resource_account----end

[2018-05-03 15:52:49] - check_resource_account----start
[2018-05-03 15:52:58] - 单点登录代填用户名和密码，不填写名称---------测试通过
[2018-05-03 15:53:00] - 单点登录代填用户名和密码,不填写密码---------测试通过
[2018-05-03 15:53:03] - 单点登录代填用户名和密码,密码不一致---------测试通过
[2018-05-03 15:53:05] - 单点登录代填用户名和密码,密码不一致---------测试通过
[2018-05-03 15:53:08] - 名称重复---------测试通过
[2018-05-03 15:53:12] - 密码长度超过64位---------测试通过
[2018-05-03 15:53:14] - 名称填写中文---------测试通过
[2018-05-03 15:53:18] - 名称长度大于64位---------测试通过
[2018-05-03 15:53:21] - check_resource_account----end

[2018-05-03 15:53:21] - del_resource_account----start
[2018-05-03 15:53:25] - 删除root资源账号---------测试通过
[2018-05-03 15:53:27] - del_resource_account----end

[2018-05-03 15:53:27] - bulkdel_resource_account----start
[2018-05-03 15:53:32] - 全选删除所有资源账号---------测试通过
[2018-05-03 15:53:33] - bulkdel_resource_account----end

[2018-05-03 15:53:33] - query_resource----start
[2018-05-03 15:53:35] - 查询ROOT部门下所有资源---------测试通过
[2018-05-03 15:53:37] - 查询ROOT部门下及子部门下所有资源---------测试通过
[2018-05-03 15:53:39] - 查询Centos类型所有资源---------测试通过
[2018-05-03 15:53:40] - 查询资源名称为RedHat资源---------测试通过
[2018-05-03 15:53:41] - 查询资源IP为172.16.10.169---------测试通过
[2018-05-03 15:53:42] - 查询资源名称包含"资源"---------测试通过
[2018-05-03 15:53:42] - 查询资源名称包含"Linux"---------测试通过
[2018-05-03 15:53:44] - 查询RedHat类型名称包含RedHat资源---------测试通过
[2018-05-03 15:53:44] - query_resource----end

[2018-05-03 15:53:44] - del_resource----start
[2018-05-03 15:53:46] - 删除RedHat15资源---------测试通过
[2018-05-03 15:53:49] - 删除Debian---------测试通过
[2018-05-03 15:53:52] - 删除Centos---------测试通过
[2018-05-03 15:53:52] - del_resource----end

[2018-05-03 15:54:42] - add_edit_usergroup----start
[2018-05-03 15:54:54] - 添加cyygroup用户组---------测试通过
[2018-05-03 15:55:05] - 添加zgroup用户组---------测试通过
[2018-05-03 15:55:16] - 添加lgroup用户组---------测试通过
[2018-05-03 15:55:28] - 添加fgroup用户组---------测试通过
[2018-05-03 15:55:39] - 编辑fgroup用户组---------测试通过
[2018-05-03 15:55:39] - add_edit_usergroup----end

[2018-05-03 15:55:39] - up_down_usergroup----start
[2018-05-03 15:55:41] - 上移lgroup用户组---------测试通过
[2018-05-03 15:55:41] - 下移zgroup用户组---------测试通过
[2018-05-03 15:55:41] - up_down_usergroup----end

[2018-05-03 15:55:41] - up_down_usergroup_check----start
[2018-05-03 15:55:44] - 上移lgroup用户组---------测试通过
[2018-05-03 15:55:47] - 下移zgroup用户组---------测试通过
[2018-05-03 15:55:47] - up_down_usergroup_check----end

[2018-05-03 15:55:47] - check_add_edit_usergroup----start
[2018-05-03 15:55:56] - 添加时不填写用户组名称---------测试通过
[2018-05-03 15:56:06] - 编辑时不填写用户组名称---------测试通过
[2018-05-03 15:56:16] - 添加时输入非法字符---------测试通过
[2018-05-03 15:56:26] - 编辑时填写非法字符---------测试通过
[2018-05-03 15:56:36] - 添加重复的zgroup用户组---------测试通过
[2018-05-03 15:56:45] - 编辑cyygroup用户组名称重复---------测试通过
[2018-05-03 15:56:56] - 添加用户组名称大于32位---------测试通过
[2018-05-03 15:57:06] - 编辑用户组名称大于32位---------测试通过
[2018-05-03 15:57:07] - check_add_edit_usergroup----end

[2018-05-03 15:57:07] - usergroup_add_user----start
[2018-05-03 15:57:15] - cyygroup用户组中添加用户---------测试通过
[2018-05-03 15:57:15] - usergroup_add_user----end

[2018-05-03 15:57:15] - query_usergroup----start
[2018-05-03 15:57:18] - 账号/名称不填写任何东西---------测试通过
[2018-05-03 15:57:19] - 账号/名称框里填写特殊字符@#￥---------测试通过
[2018-05-03 15:57:20] - 账号/名称框里填写xx---------测试通过
[2018-05-03 15:57:20] - query_usergroup----end

[2018-05-03 15:57:20] - usergroup_del_user----start
[2018-05-03 15:57:22] - 用户组删除用户---------测试通过
[2018-05-03 15:57:23] - usergroup_del_user----end

[2018-05-03 15:57:23] - usergroup_bulk_user----start
[2018-05-03 15:57:26] - 用户组中批量删除用户---------测试通过
[2018-05-03 15:57:26] - usergroup_bulk_user----end

[2018-05-03 15:57:26] - del_usergroup----start
[2018-05-03 15:57:29] - 删除cyygroup用户组---------测试通过
[2018-05-03 15:57:30] - 删除zgroup用户组---------测试通过
[2018-05-03 15:57:32] - 删除lgroup用户组---------测试通过
[2018-05-03 15:57:34] - 删除yjgroup用户组---------测试通过
[2018-05-03 15:57:35] - del_usergroup----end

[2018-05-03 15:58:21] - add_network_resource----start
[2018-05-03 15:58:45] - 添加Cisco资源---------测试通过
[2018-05-03 15:59:08] - 添加H3C资源---------测试通过
[2018-05-03 15:59:31] - 添加华为资源---------测试通过
[2018-05-03 15:59:32] - add_network_resource----end

[2018-05-03 15:59:32] - edit_network_resource----start
[2018-05-03 15:59:41] - 编辑华为资源---------测试通过
[2018-05-03 15:59:43] - edit_network_resource----end

[2018-05-03 15:59:43] - check_network_resource----start
[2018-05-03 16:00:06] - 资源名称为空---------测试通过
[2018-05-03 16:00:16] - IP为空---------测试通过
[2018-05-03 16:00:26] - 资源名称含有非法字符---------测试通过
[2018-05-03 16:00:36] - 资源名称超过64位---------测试通过
[2018-05-03 16:00:46] - IP格式不合法---------测试通过
[2018-05-03 16:00:56] - 不勾选运维协议---------测试通过
[2018-05-03 16:01:07] - 协议端口不合法---------测试通过
[2018-05-03 16:01:17] - 协议端口号为空---------测试通过
[2018-05-03 16:01:27] - 资源名称重复---------测试通过
[2018-05-03 16:01:37] - 资源IP重复---------测试通过
[2018-05-03 16:01:47] - 资源名称和IP重复---------测试通过
[2018-05-03 16:01:57] - 不填写提权口令---------测试通过
[2018-05-03 16:02:08] - 提权口令和确认口令填写不相同---------测试通过
[2018-05-03 16:02:09] - check_network_resource----end

[2018-05-03 16:02:09] - add_edit_resource_account----start
[2018-05-03 16:02:18] - 单点登录代填名称和口令h3c账号---------测试通过
[2018-05-03 16:02:26] - 单点登录不代填名称---------测试通过
[2018-05-03 16:02:34] - 单点登录不代填口令cyy账号---------测试通过
[2018-05-03 16:02:42] - 单点登录代填名称和口令ls账号---------测试通过
[2018-05-03 16:02:52] - 编辑ls账号---------测试通过
[2018-05-03 16:02:54] - add_edit_resource_account----end

[2018-05-03 16:02:54] - query_resource_account----start
[2018-05-03 16:02:57] - 查询资源账号名称为h3c---------测试通过
[2018-05-03 16:02:58] - 查询已授权的资源账号---------测试通过
[2018-05-03 16:02:59] - 查询未授权的资源账号---------测试通过
[2018-05-03 16:03:00] - 查询名称为cyy并且未授权的资源账号---------测试通过
[2018-05-03 16:03:01] - query_resource_account----end

[2018-05-03 16:03:01] - check_resource_account----start
[2018-05-03 16:03:09] - 单点登录代填用户名和密码，不填写名称---------测试通过
[2018-05-03 16:03:12] - 单点登录代填用户名和密码,不填写密码---------测试通过
[2018-05-03 16:03:14] - 单点登录代填用户名和密码,密码不一致---------测试通过
[2018-05-03 16:03:15] - 单点登录代填用户名和密码,密码不一致---------测试通过
[2018-05-03 16:03:18] - 名称重复---------测试通过
[2018-05-03 16:03:20] - 密码长度超过64位---------测试通过
[2018-05-03 16:03:22] - 名称填写中文---------测试通过
[2018-05-03 16:03:25] - 名称长度大于64位---------测试通过
[2018-05-03 16:03:28] - check_resource_account----end

[2018-05-03 16:03:28] - del_resource_account----start
[2018-05-03 16:03:32] - 删除cyy资源账号---------测试通过
[2018-05-03 16:03:34] - del_resource_account----end

[2018-05-03 16:03:34] - bulkdel_resource_account----start
[2018-05-03 16:03:38] - 全选删除所有资源账号---------测试通过
[2018-05-03 16:03:40] - bulkdel_resource_account----end

[2018-05-03 16:03:40] - query_resource----start
[2018-05-03 16:03:41] - 查询ROOT部门下所有资源---------测试通过
[2018-05-03 16:03:43] - 查询ROOT部门下及子部门下所有资源---------测试通过
[2018-05-03 16:03:45] - 查询Cisco类型所有资源---------测试通过
[2018-05-03 16:03:45] - 查询资源名称为H3C资源---------测试通过
[2018-05-03 16:03:46] - 查询资源IP为172.16.10.217---------测试通过
[2018-05-03 16:03:47] - 查询资源名称包含c---------测试通过
[2018-05-03 16:03:47] - 查询资源名称包含H3C---------测试通过
[2018-05-03 16:03:49] - 查询RedHat类型名称包含123资源---------测试通过
[2018-05-03 16:03:49] - query_resource----end

[2018-05-03 16:03:49] - del_resource----start
[2018-05-03 16:03:51] - 删除H3C资源---------测试通过
[2018-05-03 16:03:54] - 删除Cisco资源---------测试通过
[2018-05-03 16:03:56] - 删除华为资源---------测试通过
[2018-05-03 16:03:57] - del_resource----end

[2018-05-03 16:04:24] - add_windows_resource----start
[2018-05-03 16:04:49] - 添加Windows2008域控资源---------测试通过
[2018-05-03 16:05:12] - 添加Windows2008资源独立主机---------测试通过
[2018-05-03 16:05:34] - 添加Windows2008资源域内主机---------测试通过
[2018-05-03 16:05:54] - 添加Common Windows资源---------测试通过
[2018-05-03 16:05:56] - add_windows_resource----end

[2018-05-03 16:05:56] - edit_windows_resource----start
[2018-05-03 16:06:14] - 编辑window资源---------测试通过
[2018-05-03 16:06:16] - edit_windows_resource----end

[2018-05-03 16:06:16] - check_windows_resource----start
[2018-05-03 16:06:38] - 资源名称为空---------测试通过
[2018-05-03 16:06:47] - IP为空---------测试通过
[2018-05-03 16:06:57] - 资源名称含有非法字符---------测试通过
[2018-05-03 16:07:07] - 资源名称超过64位---------测试通过
[2018-05-03 16:07:17] - IP格式不合法---------测试通过
[2018-05-03 16:07:27] - 不勾选运维协议---------测试通过
[2018-05-03 16:07:38] - 协议端口不合法---------测试通过
[2018-05-03 16:07:48] - 协议端口号为空---------测试通过
[2018-05-03 16:07:58] - 资源名称重复---------测试通过
[2018-05-03 16:08:08] - 资源IP重复---------测试通过
[2018-05-03 16:08:18] - 资源名称和IP重复---------测试通过
[2018-05-03 16:08:28] - 不选择域控主机---------测试通过
[2018-05-03 16:08:38] - 主机名为空---------测试通过
[2018-05-03 16:08:40] - check_windows_resource----end

[2018-05-03 16:08:40] - add_edit_resource_account----start
[2018-05-03 16:08:50] - 单点登录代填名称和口令administrator账号---------测试通过
[2018-05-03 16:08:58] - 单点登录不代填名称---------测试通过
[2018-05-03 16:09:05] - 单点登录不代填口令cyy账号---------测试通过
[2018-05-03 16:09:14] - 单点登录代填名称和口令ls账号---------测试通过
[2018-05-03 16:09:23] - 编辑ls账号---------测试通过
[2018-05-03 16:09:26] - add_edit_resource_account----end

[2018-05-03 16:09:26] - query_resource_account----start
[2018-05-03 16:09:29] - 查询资源账号名称为h3c---------测试通过
[2018-05-03 16:09:30] - 查询已授权的资源账号---------测试通过
[2018-05-03 16:09:31] - 查询未授权的资源账号---------测试通过
[2018-05-03 16:09:32] - 查询名称为cyy并且未授权的资源账号---------测试通过
[2018-05-03 16:09:33] - query_resource_account----end

[2018-05-03 16:09:33] - check_resource_account----start
[2018-05-03 16:09:42] - 单点登录代填用户名和密码，不填写名称---------测试通过
[2018-05-03 16:09:44] - 单点登录代填用户名和密码,不填写密码---------测试通过
[2018-05-03 16:09:46] - 单点登录代填用户名和密码,密码不一致---------测试通过
[2018-05-03 16:09:48] - 单点登录代填用户名和密码,密码不一致---------测试通过
[2018-05-03 16:09:50] - 名称重复---------测试通过
[2018-05-03 16:09:52] - 密码长度超过64位---------测试通过
[2018-05-03 16:09:54] - 名称填写中文---------测试通过
[2018-05-03 16:09:57] - 名称长度大于64位---------测试通过
[2018-05-03 16:10:00] - check_resource_account----end

[2018-05-03 16:10:00] - del_resource_account----start
[2018-05-03 16:10:04] - 删除cyy资源账号---------测试通过
[2018-05-03 16:10:06] - del_resource_account----end

[2018-05-03 16:10:06] - bulkdel_resource_account----start
[2018-05-03 16:10:10] - 全选删除所有资源账号---------测试通过
[2018-05-03 16:10:12] - bulkdel_resource_account----end

[2018-05-03 16:10:12] - query_resource----start
[2018-05-03 16:10:14] - 查询ROOT部门下所有资源---------测试通过
[2018-05-03 16:10:15] - 查询ROOT部门下及子部门下所有资源---------测试通过
[2018-05-03 16:10:17] - 查询Windows Server 2008类型所有资源---------测试通过
[2018-05-03 16:10:18] - 查询资源名称为Windows2008域控资源---------测试通过
[2018-05-03 16:10:19] - 查询资源IP为172.16.10.225---------测试通过
[2018-05-03 16:10:19] - 查询资源名称包含"独立"---------测试通过
[2018-05-03 16:10:20] - 查询资源名称包含"域内"---------测试通过
[2018-05-03 16:10:21] - 查询Windows资源类型名称包含common资源---------测试通过
[2018-05-03 16:10:21] - query_resource----end

[2018-05-03 16:10:21] - del_resource----start
[2018-05-03 16:10:23] - 删除独立主机资源---------测试通过
[2018-05-03 16:10:26] - 删除域内主机资源---------测试通过
[2018-05-03 16:10:29] - 删除域控资源---------测试通过
[2018-05-03 16:10:31] - 删除windows资源---------测试通过
[2018-05-03 16:10:32] - del_resource----end

[2018-05-03 16:11:42] - add_database_resource----start
[2018-05-03 16:12:02] - 添加mysql资源---------测试通过
[2018-05-03 16:12:33] - 添加oracle9i---------测试通过
[2018-05-03 16:13:03] - 添加oracle10g---------测试通过
[2018-05-03 16:13:34] - 添加oracle11g---------测试通过
[2018-05-03 16:14:08] - 添加sqlserver2000---------测试通过
[2018-05-03 16:14:40] - 添加sqlserver2005---------测试通过
[2018-05-03 16:15:13] - 添加sqlserver2008---------测试通过
[2018-05-03 16:15:37] - 添加DB2资源---------测试通过
[2018-05-03 16:15:58] - 添加BS资源---------测试通过
[2018-05-03 16:16:02] - add_database_resource----end

[2018-05-03 16:16:02] - edit_database_resource----start
[2018-05-03 16:16:19] - 编辑mysql资源---------测试通过
[2018-05-03 16:16:38] - 编辑oracle10g---------测试通过
[2018-05-03 16:16:40] - edit_database_resource----end

[2018-05-03 16:16:40] - check_database_resource----start
[2018-05-03 16:17:10] - IP为空---------测试通过
[2018-05-03 16:17:15] - 资源名称含有非法字符---------测试通过
[2018-05-03 16:17:21] - 资源名称超过32位---------测试通过
[2018-05-03 16:17:26] - IP格式不合法---------测试通过
[2018-05-03 16:17:31] - 不选择应用发布---------测试通过
[2018-05-03 16:17:36] - 库名为空---------测试通过
[2018-05-03 16:17:42] - 不勾选运维协议---------测试通过
[2018-05-03 16:17:47] - 资源名称重复的校验---------测试通过
[2018-05-03 16:17:52] - 资源ip和库名重复的校验---------测试通过
[2018-05-03 16:17:59] - check_database_resource----end

[2018-05-03 16:17:59] - add_edit_resource_account----start
[2018-05-03 16:18:09] - 代填名称和口令mysql账号---------测试通过
[2018-05-03 16:18:12] - add_edit_resource_account----end

[2018-05-03 16:18:12] - add_edit_resource_account----start
[2018-05-03 16:18:22] - 单点登录代填名称和口令oracle账号---------测试通过
[2018-05-03 16:18:25] - add_edit_resource_account----end

[2018-05-03 16:18:25] - add_edit_resource_account----start
[2018-05-03 16:18:35] - 代填名称和口令bs账号---------测试通过
[2018-05-03 16:18:38] - add_edit_resource_account----end

[2018-05-03 16:18:38] - add_edit_resource_account----start
[2018-05-03 16:18:47] - 代填名称和口令sqlserver账号---------测试通过
[2018-05-03 16:18:50] - add_edit_resource_account----end

[2018-05-03 16:18:50] - del_resource_account----start
[2018-05-03 16:18:55] - 删除mysql资源账号---------测试通过
[2018-05-03 16:18:57] - del_resource_account----end

[2018-05-03 16:18:57] - query_resource----start
[2018-05-03 16:18:59] - 查询临时部门下所有资源---------测试通过
[2018-05-03 16:19:00] - 查询ROOT部门下及子部门下所有资源---------测试通过
[2018-05-03 16:19:03] - 查询mysql类型所有资源---------测试通过
[2018-05-03 16:19:03] - 查询资源名称为mysqlResource资源---------测试通过
[2018-05-03 16:19:04] - 查询资源IP为192.168.23.168---------测试通过
[2018-05-03 16:19:05] - 查询资源名称包含m---------测试通过
[2018-05-03 16:19:06] - 查询资源名称包含mysql---------测试通过
[2018-05-03 16:19:07] - 查询MYSQL类型名称包含mysql资源---------测试通过
[2018-05-03 16:19:07] - query_resource----end

[2018-05-03 16:19:07] - del_resource----start
[2018-05-03 16:19:10] - 删除mysql资源---------测试通过
[2018-05-03 16:19:13] - 删除oracle10g资源---------测试通过
[2018-05-03 16:19:16] - 删除oracle9i资源---------测试通过
[2018-05-03 16:19:19] - 删除Oracle11g资源---------测试通过
[2018-05-03 16:19:22] - 删除sqlserver2000资源---------测试通过
[2018-05-03 16:19:24] - 删除sqlserver2005资源---------测试通过
[2018-05-03 16:19:27] - 删除sqlserver2008资源---------测试通过
[2018-05-03 16:19:30] - 删除db2资源---------测试通过
[2018-05-03 16:19:33] - 删除bs资源---------测试通过
[2018-05-03 16:19:33] - del_resource----end

[2018-05-03 16:21:24] - add_command_rule----start
[2018-05-03 16:21:32] - 添加黑名单---------测试通过
[2018-05-03 16:21:40] - 添加黑名单---------测试通过
[2018-05-03 16:21:50] - 添加命令审批---------测试通过
[2018-05-03 16:21:51] - add_command_rule----end

[2018-05-03 16:21:51] - mod_command_rule----start
[2018-05-03 16:21:53] - 编辑黑名单---------测试通过
[2018-05-03 16:21:54] - mod_command_rule----end

[2018-05-03 16:21:54] - option_command_rule----start
[2018-05-03 16:21:55] - 不选择进行删除---------测试通过
[2018-05-03 16:21:56] - 点击部署---------测试通过
[2018-05-03 16:21:57] - 在第一条命令规则后点击上移---------测试通过
[2018-05-03 16:21:58] - 在第三条命令规则后点击下移---------测试通过
[2018-05-03 16:22:05] - 插入的行数为字符串---------测试通过
[2018-05-03 16:22:15] - 插入的行数为不存在的行数---------测试通过
[2018-05-03 16:22:18] - option_command_rule----end

[2018-05-03 16:22:18] - check_command_rule----start
[2018-05-03 16:22:21] - 测试ls命令---------测试通过
[2018-05-03 16:22:22] - 添加ls命令---------测试通过
[2018-05-03 16:22:24] - 测试没有添加的字符---------测试通过
[2018-05-03 16:22:25] - 不选择用户或用户组---------测试通过
[2018-05-03 16:22:28] - 不选择资源、资源账号、资源组---------测试通过
[2018-05-03 16:22:31] - 不选择审批人---------测试通过
[2018-05-03 16:22:34] - 不添加命令选择用户和资源---------测试通过
[2018-05-03 16:22:34] - check_command_rule----end

[2018-05-03 16:22:34] - del_command_rule----start
[2018-05-03 16:22:36] - 选择序号为1的进行删除---------测试通过
[2018-05-03 16:22:38] - 选择序号为2的进行删除---------测试通过
[2018-05-03 16:22:44] - 选择序号为3的进行删除---------测试未通过
[2018-05-03 16:22:45] - del_command_rule----end

[2018-05-03 16:23:50] - add_time_rule----start
[2018-05-03 16:24:00] - 添加cyx时间规则---------测试通过
[2018-05-03 16:24:20] - 添加cyy时间规则---------测试通过
[2018-05-03 16:24:40] - 添加cjz时间规则---------测试通过
[2018-05-03 16:25:01] - 添加cjy时间规则---------测试通过
[2018-05-03 16:25:22] - 添加ctest时间规则---------测试通过
[2018-05-03 16:25:31] - add_time_rule----end

[2018-05-03 16:25:31] - add_time_rule_result----start
[2018-05-03 16:26:05] - 用户在所选时间段内的周一至周五04,09,15点都可以正常登录---------测试通过
[2018-05-03 16:26:38] - 用户在所选时间段内的每月的1,5,9日03,10,19点可以正常登录---------测试通过
[2018-05-03 16:26:43] - 用户在所选时间段内的周一至周五01,06,17都禁止登录---------测试通过
[2018-05-03 16:26:47] - 用户在所选时间段内的每月的3,4,7日10,13,21点禁止登录---------测试通过
[2018-05-03 16:26:51] - 用户在所选时间段内的每月的4,5,7日12,15,23点禁止登录---------测试通过
[2018-05-03 16:26:58] - add_time_rule_result----end

[2018-05-03 16:26:58] - mod_time_rule----start
[2018-05-03 16:27:08] - 编辑ctest时间规则---------测试通过
[2018-05-03 16:27:08] - mod_time_rule----end

[2018-05-03 16:27:08] - check_time_rule----start
[2018-05-03 16:27:10] - 页面不填写任何内容---------测试通过
[2018-05-03 16:27:11] - 名称输入!@#---------测试通过
[2018-05-03 16:27:12] - 名称输入qaws---------测试通过
[2018-05-03 16:27:16] - 部门为ROOT部门---------测试通过
[2018-05-03 16:27:20] - 启动日2012-09-05---------测试通过
[2018-05-03 16:27:25] - 终止日2016/12/12---------测试通过
[2018-05-03 16:27:26] - 启动日今天---------测试通过
[2018-05-03 16:27:28] - 小时没有选择---------测试通过
[2018-05-03 16:27:29] - 起始日必须小于终止日---------测试通过
[2018-05-03 16:27:30] - check_time_rule----end

[2018-05-03 16:27:30] - query_time_rule----start
[2018-05-03 16:27:31] - 查询时间规则名称为ctest---------测试通过
[2018-05-03 16:27:32] - 查询时间规则名称为cyy---------测试通过
[2018-05-03 16:27:33] - 查询时间规则名称为yuan---------测试通过
[2018-05-03 16:27:34] - 查询全部时间规则---------测试通过
[2018-05-03 16:27:34] - query_time_rule----end

[2018-05-03 16:27:34] - del_time_rule----start
[2018-05-03 16:27:34] - 直接删除---------测试通过
[2018-05-03 16:27:36] - 选择名称为cyx的进行删除---------测试通过
[2018-05-03 16:27:37] - 选择名称为cyy的进行删除---------测试通过
[2018-05-03 16:27:39] - 选择名称为cjz的进行删除---------测试通过
[2018-05-03 16:27:40] - 选择名称为cjy的进行删除---------测试通过
[2018-05-03 16:27:42] - 选择名称为yuan的进行删除---------测试通过
[2018-05-03 16:27:42] - del_time_rule----end

[2018-05-03 16:30:33] - add_access_approvel----start
[2018-05-03 16:30:42] - 添加访问审批成功---------测试通过
[2018-05-03 16:30:46] - add_access_approvel----end

[2018-05-03 16:30:47] - access_deny_approvel----start
[2018-05-03 16:30:59] - 用户xx发送访问审批成功---------测试通过
[2018-05-03 16:31:16] - 用户cyyt拒绝审批---------测试通过
[2018-05-03 16:31:26] - 用户cyyu拒绝审批---------测试通过
[2018-05-03 16:31:36] - 一级审批人拒绝审批所以cyyv没有收到审批消息---------测试通过
[2018-05-03 16:31:42] - 一级审批人拒绝审批所以cyyw没有收到审批消息---------测试通过
[2018-05-03 16:31:42] - access_deny_approvel----end

[2018-05-03 16:31:47] - access_agree_approvel----start
[2018-05-03 16:32:00] - 用户xx发送访问审批成功---------测试通过
[2018-05-03 16:32:16] - 用户cyyt同意访问审批---------测试通过
[2018-05-03 16:32:28] - 因为一级审批人只需一人审批通过所以用户cyyu收到的审批消息状态为过期---------测试通过
[2018-05-03 16:32:34] - 用户cyyv同意访问审批---------测试通过
[2018-05-03 16:32:45] - 用户cyyw同意访问审批---------测试通过
[2018-05-03 16:32:48] - access_agree_approvel----end

[2018-05-03 16:32:53] - urgent_deny_approvel----start
[2018-05-03 16:32:58] - 用户xx发送紧急运维成功---------测试通过
[2018-05-03 16:33:14] - 用户cyyt拒绝审批---------测试通过
[2018-05-03 16:33:24] - 用户cyyu拒绝审批---------测试通过
[2018-05-03 16:33:34] - 一级审批人拒绝审批所以cyyv没有收到审批消息---------测试通过
[2018-05-03 16:33:41] - 一级审批人拒绝审批所以cyyw没有收到审批消息---------测试通过
[2018-05-03 16:33:41] - urgent_deny_approvel----end

[2018-05-03 16:33:45] - urgent_agree_approvel----start
[2018-05-03 16:33:50] - 用户xx发送紧急运维成功---------测试通过
[2018-05-03 16:34:06] - 用户cyyt同意紧急审批---------测试通过
[2018-05-03 16:34:18] - 因为一级审批人只需一人审批通过所以用户cyyu收到的审批消息状态为过期---------测试通过
[2018-05-03 16:34:25] - 用户cyyv同意紧急审批---------测试通过
[2018-05-03 16:34:37] - 紧急审批每一级的审批人只需一人通过，审批通过---------测试通过
[2018-05-03 16:34:37] - urgent_agree_approvel----end

[2018-05-03 16:34:37] - access_query_process_task----start
[2018-05-03 16:34:44] - 流程任务查询待办流程---------测试通过
[2018-05-03 16:34:48] - 流程任务查询已办流程---------测试通过
[2018-05-03 16:34:48] - access_query_process_task----end

[2018-05-03 16:34:48] - access_query_personal_history----start
[2018-05-03 16:34:51] - 个人历史查询未通过流程---------测试通过
[2018-05-03 16:34:54] - 个人历史查询已通过流程---------测试通过
[2018-05-03 16:34:55] - access_query_personal_history----end

[2018-05-03 16:35:00] - access_query_apply_history----start
[2018-05-03 16:35:03] - 申请历史查询未通过流程---------测试通过
[2018-05-03 16:35:06] - 申请历史查询已通过流程---------测试通过
[2018-05-03 16:35:06] - access_query_apply_history----end

[2018-05-03 16:35:07] - access_query_all_history----start
[2018-05-03 16:35:11] - 全部历史查询未通过流程---------测试通过
[2018-05-03 16:35:14] - 全部历史查询已通过流程---------测试通过
[2018-05-03 16:35:14] - access_query_all_history----end

[2018-05-03 16:35:15] - access_query_department_history----start
[2018-05-03 16:35:19] - 部门历史查询未通过流程---------测试通过
[2018-05-03 16:35:22] - 部门历史查询已通过流程---------测试通过
[2018-05-03 16:35:22] - access_query_department_history----end

[2018-05-03 16:37:30] - add_double_license----start
[2018-05-03 16:37:40] - 添加双人授权成功---------测试通过
[2018-05-03 16:37:40] - add_double_license----end

[2018-05-03 16:37:41] - same_termina_approvel----start
[2018-05-03 16:37:47] - 同终端发送双人审批成功---------测试通过
[2018-05-03 16:38:04] - 双人授权已拒绝申请，不可以进行单点登录---------测试通过
[2018-05-03 16:38:05] - same_termina_approvel----end

[2018-05-03 16:38:10] - Expired_approvel----start
[2018-05-03 16:38:16] - 用户xx发送双人审批成功---------测试通过
[2018-05-03 16:38:29] - 双人审批申请人已下线审批过期---------测试通过
[2018-05-03 16:38:32] - Expired_approvel----end

[2018-05-03 16:38:37] - deny_double_approvel----start
[2018-05-03 16:38:43] - 用户xx发送双人审批成功---------测试通过
[2018-05-03 16:39:12] - 双人授权已拒绝申请，不可以进行单点登录---------测试通过
[2018-05-03 16:39:13] - deny_double_approvel----end

[2018-05-03 16:39:18] - agree_double_approvel----start
[2018-05-03 16:39:24] - 用户xx发送双人审批成功---------测试通过
[2018-05-03 16:39:48] - 双人授权已拒绝申请，不可以进行单点登录---------测试通过
[2018-05-03 16:39:50] - agree_double_approvel----end

[2018-05-03 16:39:50] - double_query_process_task----start
[2018-05-03 16:39:57] - 流程任务查询待办流程---------测试通过
[2018-05-03 16:40:00] - 流程任务查询已办流程---------测试通过
[2018-05-03 16:40:00] - double_query_process_task----end

[2018-05-03 16:40:00] - double_query_personal_history----start
[2018-05-03 16:40:03] - 个人历史查询未通过流程---------测试通过
[2018-05-03 16:40:12] - 个人历史查询已通过流程---------测试通过
[2018-05-03 16:40:13] - double_query_personal_history----end

[2018-05-03 16:40:18] - double_query_apply_history----start
[2018-05-03 16:40:21] - 申请历史查询未通过流程---------测试通过
[2018-05-03 16:40:23] - 申请历史查询已通过流程---------测试通过
[2018-05-03 16:40:23] - double_query_apply_history----end

[2018-05-03 16:40:24] - double_query_all_history----start
[2018-05-03 16:40:27] - 全部历史查询未通过流程---------测试通过
[2018-05-03 16:40:30] - 全部历史查询已通过流程---------测试通过
[2018-05-03 16:40:30] - double_query_all_history----end

[2018-05-03 16:40:31] - double_query_department_history----start
[2018-05-03 16:40:35] - 部门历史查询未通过流程---------测试通过
[2018-05-03 16:40:38] - 部门历史查询已通过流程---------测试通过
[2018-05-03 16:40:38] - double_query_department_history----end

[2018-05-03 16:41:56] - add_address_rule----start
[2018-05-03 16:42:05] - 添加adress1地址规则---------测试通过
[2018-05-03 16:42:23] - 添加adress2地址规则---------测试通过
[2018-05-03 16:42:42] - 添加adress3地址规则---------测试通过
[2018-05-03 16:43:00] - 添加adress4地址规则---------测试通过
[2018-05-03 16:43:20] - 添加adress5地址规则---------测试通过
[2018-05-03 16:43:38] - 添加adress6地址规则---------测试通过
[2018-05-03 16:43:57] - 添加adress7地址规则---------测试通过
[2018-05-03 16:44:16] - 添加adress8地址规则---------测试通过
[2018-05-03 16:44:29] - add_address_rule----end

[2018-05-03 16:44:29] - add_address_rule_result----start
[2018-05-03 16:44:34] - 用户cyyl绑定的adress1地址规则成功登录---------测试通过
[2018-05-03 16:44:38] - 用户cyym绑定的adress2地址规则成功登录---------测试通过
[2018-05-03 16:44:43] - 用户cyyn绑定的adress3地址规则成功登录---------测试通过
[2018-05-03 16:44:47] - 用户cyyo绑定的adress4地址规则成功登录---------测试通过
[2018-05-03 16:45:21] - 用户cyyp绑定的adress5地址规则没有登录的权限---------测试通过
[2018-05-03 16:45:55] - 用户cyyq绑定的adress6地址规则没有登录的权限---------测试通过
[2018-05-03 16:46:29] - 用户cyyr绑定的adress7地址规则没有登录的权限---------测试通过
[2018-05-03 16:47:02] - 用户cyys绑定的adress8地址规则没有登录的权限---------测试通过
[2018-05-03 16:47:09] - add_address_rule_result----end

[2018-05-03 16:47:09] - mod_address_rule----start
[2018-05-03 16:47:17] - 编辑adress8地址规则---------测试通过
[2018-05-03 16:47:18] - mod_address_rule----end

[2018-05-03 16:47:18] - check_address_rule----start
[2018-05-03 16:47:20] - 不填写任何内容---------测试通过
[2018-05-03 16:47:21] - 不填写IP地址---------测试通过
[2018-05-03 16:47:22] - IP地址填写!@#---------测试通过
[2018-05-03 16:47:24] - 不填写掩码---------测试通过
[2018-05-03 16:47:25] - 不填写名称---------测试通过
[2018-05-03 16:47:27] - 名称输入!@#---------测试通过
[2018-05-03 16:47:28] - 不选择部门---------测试通过
[2018-05-03 16:47:30] - 填写已存在的名称---------测试通过
[2018-05-03 16:47:30] - check_address_rule----end

[2018-05-03 16:47:30] - query_address_rule----start
[2018-05-03 16:47:32] - 查询地址规则名称为a---------测试通过
[2018-05-03 16:47:33] - 查询地址规则名称为adress5---------测试通过
[2018-05-03 16:47:34] - 查询地址规则名称为bt---------测试通过
[2018-05-03 16:47:34] - 查询全部地址规则---------测试通过
[2018-05-03 16:47:34] - query_address_rule----end

[2018-05-03 16:47:34] - del_address_rule----start
[2018-05-03 16:47:35] - 直接删除---------测试通过
[2018-05-03 16:47:37] - 选择名称为adress1的进行删除---------测试通过
[2018-05-03 16:47:38] - 选择名称为adress2的进行删除---------测试通过
[2018-05-03 16:47:40] - 选择名称为adress3的进行删除---------测试通过
[2018-05-03 16:47:42] - 选择名称为adress4的进行删除---------测试通过
[2018-05-03 16:47:43] - 选择名称为adress5的进行删除---------测试通过
[2018-05-03 16:47:45] - 选择名称为adress6的进行删除---------测试通过
[2018-05-03 16:47:46] - 选择名称为adress7的进行删除---------测试通过
[2018-05-03 16:47:48] - 选择名称为cyyadress的进行删除---------测试通过
[2018-05-03 16:47:48] - del_address_rule----end

[2018-05-03 16:51:26] - add_retime_rule----start
[2018-05-03 16:51:36] - 添加启用状态下的允许登录资源时间规则---------测试通过
[2018-05-03 16:51:47] - 添加启用状态下的禁止登录资源时间规则---------测试通过
[2018-05-03 16:51:58] - 添加停用状态下的允许登录资源时间规则---------测试通过
[2018-05-03 16:51:59] - add_retime_rule----end

[2018-05-03 16:51:59] - mod_retime_rule----start
[2018-05-03 16:52:01] - 编辑允许登录更改为禁止登录---------测试通过
[2018-05-03 16:52:01] - mod_retime_rule----end

[2018-05-03 16:52:03] - add_retime_rule_result----start
[2018-05-03 16:52:04] - cisco匿名资源可以进行单点登录---------测试通过
[2018-05-03 16:52:05] - h3c资源可以进行单点登录---------测试通过
[2018-05-03 16:52:07] - huawei资源受时间规则影响，当前时间不允许连接---------测试通过
[2018-05-03 16:52:07] - add_retime_rule_result----end

[2018-05-03 16:52:11] - option_retime_rule----start
[2018-05-03 16:52:12] - 不选择进行删除---------测试通过
[2018-05-03 16:52:13] - 在第一条命令规则后点击上移---------测试通过
[2018-05-03 16:52:14] - 在第三条命令规则后点击下移---------测试通过
[2018-05-03 16:52:21] - 插入的行数为字符串---------测试通过
[2018-05-03 16:52:30] - 插入的行数为不存在的行数---------测试通过
[2018-05-03 16:52:33] - option_retime_rule----end

[2018-05-03 16:52:33] - check_retime_rule----start
[2018-05-03 16:52:35] - 不填写内容---------测试通过
[2018-05-03 16:52:39] - 不填写结束日期---------测试通过
[2018-05-03 16:52:45] - 启动日期小于当前日期---------测试通过
[2018-05-03 16:52:50] - 启动日期小于结束日期---------测试通过
[2018-05-03 16:52:55] - 每月开始日期填写字符---------测试通过
[2018-05-03 16:52:56] - 每月结束日期填写字符---------测试通过
[2018-05-03 16:52:58] - 每月开始日期填写负数---------测试通过
[2018-05-03 16:52:59] - 每月开始日期填写大于31的数字---------测试通过
[2018-05-03 16:53:00] - 每月结束日期填写负数---------测试通过
[2018-05-03 16:53:01] - 每月结束日期填写大于31的数字---------测试通过
[2018-05-03 16:53:03] - 每日开始日期填写字符---------测试通过
[2018-05-03 16:53:04] - 每日结束日期填写字符---------测试通过
[2018-05-03 16:53:06] - 每日开始日期填写负数---------测试通过
[2018-05-03 16:53:07] - 每日开始日期填写大于31的数字---------测试通过
[2018-05-03 16:53:08] - 每日结束日期填写负数---------测试通过
[2018-05-03 16:53:10] - 每日结束日期填写大于31的数字---------测试通过
[2018-05-03 16:53:11] - 不选择用户或用户组---------测试通过
[2018-05-03 16:53:14] - 不选择资源、资源账号、资源组---------测试通过
[2018-05-03 16:53:14] - check_retime_rule----end

[2018-05-03 16:53:14] - del_retime_rule----start
[2018-05-03 16:53:16] - 选择序号为1的进行删除---------测试通过
[2018-05-03 16:53:17] - 选择序号为2的进行删除---------测试通过
[2018-05-03 16:53:18] - 选择序号为3的进行删除---------测试通过
[2018-05-03 16:53:19] - del_retime_rule----end

